::1 - - [17/Dec/2022:16:35:50 +0800] "GET /wp-admin/?localwp_auto_login=1 HTTP/1.1" 302 -
::1 - - [17/Dec/2022:16:35:51 +0800] "GET /wp-admin/user/ HTTP/1.1" 302 -
::1 - - [17/Dec/2022:16:35:51 +0800] "POST /wp-cron.php?doing_wp_cron=1671266151.7474429607391357421875 HTTP/1.1" 200 -
::1 - - [17/Dec/2022:16:35:53 +0800] "GET / HTTP/1.1" 200 57574
::1 - - [17/Dec/2022:16:35:54 +0800] "GET /wp-includes/css/admin-bar.min.css?ver=6.1.1 HTTP/1.1" 200 20300
::1 - - [17/Dec/2022:16:35:54 +0800] "GET /wp-includes/css/dashicons.min.css?ver=6.1.1 HTTP/1.1" 200 59016
::1 - - [17/Dec/2022:16:35:54 +0800] "GET /wp-includes/blocks/navigation/style.min.css?ver=6.1.1 HTTP/1.1" 200 15342
::1 - - [17/Dec/2022:16:35:54 +0800] "GET /wp-includes/blocks/navigation/view.min.js?ver=c24330f635f5cb9d5e0e HTTP/1.1" 200 1144
::1 - - [17/Dec/2022:16:35:54 +0800] "GET /wp-includes/blocks/navigation/view-modal.min.js?ver=45f05135277abf0b0408 HTTP/1.1" 200 7779
::1 - - [17/Dec/2022:16:35:54 +0800] "GET /wp-includes/js/admin-bar.min.js?ver=6.1.1 HTTP/1.1" 200 3537
::1 - - [17/Dec/2022:16:35:54 +0800] "GET /wp-includes/js/hoverintent-js.min.js?ver=2.2.1 HTTP/1.1" 200 1718
::1 - - [17/Dec/2022:16:35:54 +0800] "GET /wp-includes/js/wp-emoji-release.min.js?ver=6.1.1 HTTP/1.1" 200 18617
::1 - - [17/Dec/2022:16:35:51 +0800] "GET /wp-admin/ HTTP/1.1" 200 69338
::1 - - [17/Dec/2022:16:35:54 +0800] "GET /wp-includes/js/thickbox/thickbox.css?ver=6.1.1 HTTP/1.1" 200 2659
::1 - - [17/Dec/2022:16:35:54 +0800] "GET /wp-includes/css/editor.min.css?ver=6.1.1 HTTP/1.1" 200 26975
::1 - - [17/Dec/2022:16:35:54 +0800] "GET /wp-admin/js/common.min.js?ver=6.1.1 HTTP/1.1" 200 20150
::1 - - [17/Dec/2022:16:35:54 +0800] "GET /wp-includes/js/clipboard.min.js?ver=2.0.11 HTTP/1.1" 200 9009
::1 - - [17/Dec/2022:16:35:54 +0800] "GET /wp-includes/js/wp-util.min.js?ver=6.1.1 HTTP/1.1" 200 1426
::1 - - [17/Dec/2022:16:35:54 +0800] "GET /wp-includes/js/underscore.min.js?ver=1.13.4 HTTP/1.1" 200 18833
::1 - - [17/Dec/2022:16:35:55 +0800] "GET /wp-includes/js/dist/dom-ready.min.js?ver=392bdd43726760d1f3ca HTTP/1.1" 200 498
::1 - - [17/Dec/2022:16:35:54 +0800] "GET /wp-includes/js/dist/i18n.min.js?ver=9e794f35a71bb98672ae HTTP/1.1" 200 10230
::1 - - [17/Dec/2022:16:35:55 +0800] "GET /wp-includes/js/api-request.min.js?ver=6.1.1 HTTP/1.1" 200 1023
::1 - - [17/Dec/2022:16:35:55 +0800] "GET /wp-admin/js/site-health.min.js?ver=6.1.1 HTTP/1.1" 200 6239
::1 - - [17/Dec/2022:16:35:55 +0800] "GET /wp-includes/js/dist/url.min.js?ver=bb0ef862199bcae73aa7 HTTP/1.1" 200 9147
::1 - - [17/Dec/2022:16:35:55 +0800] "GET /wp-includes/js/jquery/jquery.color.min.js?ver=2.2.0 HTTP/1.1" 200 7047
::1 - - [17/Dec/2022:16:35:55 +0800] "GET /wp-includes/js/dist/a11y.min.js?ver=ecce20f002eda4c19664 HTTP/1.1" 200 2508
::1 - - [17/Dec/2022:16:35:55 +0800] "GET /wp-includes/js/wp-lists.min.js?ver=6.1.1 HTTP/1.1" 200 7522
::1 - - [17/Dec/2022:16:35:55 +0800] "GET /wp-includes/js/wp-ajax-response.min.js?ver=6.1.1 HTTP/1.1" 200 2440
::1 - - [17/Dec/2022:16:35:54 +0800] "GET /wp-admin/load-scripts.php?c=0&load%5Bchunk_0%5D=jquery-core,jquery-migrate,utils&ver=6.1.1 HTTP/1.1" 200 102775
::1 - - [17/Dec/2022:16:35:55 +0800] "GET /wp-includes/js/jquery/jquery.query.js?ver=2.2.3 HTTP/1.1" 200 3694
::1 - - [17/Dec/2022:16:35:55 +0800] "GET /wp-includes/js/quicktags.min.js?ver=6.1.1 HTTP/1.1" 200 11132
::1 - - [17/Dec/2022:16:35:55 +0800] "GET /wp-includes/js/jquery/ui/mouse.min.js?ver=1.13.2 HTTP/1.1" 200 3402
::1 - - [17/Dec/2022:16:35:55 +0800] "GET /wp-admin/js/postbox.min.js?ver=6.1.1 HTTP/1.1" 200 6705
::1 - - [17/Dec/2022:16:35:55 +0800] "GET /wp-admin/js/edit-comments.min.js?ver=6.1.1 HTTP/1.1" 200 15349
::1 - - [17/Dec/2022:16:35:55 +0800] "GET /wp-includes/js/jquery/ui/sortable.min.js?ver=1.13.2 HTTP/1.1" 200 25455
::1 - - [17/Dec/2022:16:35:55 +0800] "GET /wp-includes/js/dist/deprecated.min.js?ver=6c963cb9494ba26b77eb HTTP/1.1" 200 812
::1 - - [17/Dec/2022:16:35:55 +0800] "GET /wp-includes/js/dist/vendor/moment.min.js?ver=2.29.4 HTTP/1.1" 200 57929
::1 - - [17/Dec/2022:16:35:55 +0800] "GET /wp-includes/js/jquery/ui/core.min.js?ver=1.13.2 HTTP/1.1" 200 21440
::1 - - [17/Dec/2022:16:35:55 +0800] "GET /wp-includes/js/dist/date.min.js?ver=ce7daf24092d87ff18be HTTP/1.1" 200 847374
::1 - - [17/Dec/2022:16:35:55 +0800] "GET /wp-includes/js/wp-sanitize.min.js?ver=6.1.1 HTTP/1.1" 200 458
::1 - - [17/Dec/2022:16:35:55 +0800] "GET /wp-includes/js/thickbox/thickbox.js?ver=3.1-20121105 HTTP/1.1" 200 13242
::1 - - [17/Dec/2022:16:35:55 +0800] "GET /wp-admin/js/plugin-install.min.js?ver=6.1.1 HTTP/1.1" 200 2403
::1 - - [17/Dec/2022:16:35:55 +0800] "GET /wp-admin/js/dashboard.min.js?ver=6.1.1 HTTP/1.1" 200 8797
::1 - - [17/Dec/2022:16:35:55 +0800] "GET /wp-admin/js/updates.min.js?ver=6.1.1 HTTP/1.1" 200 41339
::1 - - [17/Dec/2022:16:35:55 +0800] "GET /wp-admin/js/media-upload.min.js?ver=6.1.1 HTTP/1.1" 200 1152
::1 - - [17/Dec/2022:16:35:55 +0800] "GET /wp-admin/js/svg-painter.js?ver=6.1.1 HTTP/1.1" 200 5522
::1 - - [17/Dec/2022:16:35:55 +0800] "GET /wp-includes/js/heartbeat.min.js?ver=6.1.1 HTTP/1.1" 200 5932
::1 - - [17/Dec/2022:16:35:55 +0800] "GET /wp-includes/js/wp-auth-check.min.js?ver=6.1.1 HTTP/1.1" 200 1658
::1 - - [17/Dec/2022:16:35:55 +0800] "GET /wp-includes/js/shortcode.min.js?ver=6.1.1 HTTP/1.1" 200 2643
::1 - - [17/Dec/2022:16:35:55 +0800] "GET /wp-includes/js/wplink.min.js?ver=6.1.1 HTTP/1.1" 200 11254
::1 - - [17/Dec/2022:16:35:55 +0800] "GET /wp-includes/js/jquery/ui/autocomplete.min.js?ver=1.13.2 HTTP/1.1" 200 8466
::1 - - [17/Dec/2022:16:35:55 +0800] "GET /wp-includes/js/jquery/ui/menu.min.js?ver=1.13.2 HTTP/1.1" 200 10114
::1 - - [17/Dec/2022:16:35:54 +0800] "GET /wp-admin/load-styles.php?c=0&dir=ltr&load%5Bchunk_0%5D=dashicons,admin-bar,site-health,common,forms,admin-menu,dashboard,list-tables,edit,revisions,media,themes,about,nav-menus,wp-poi&load%5Bchunk_1%5D=nter,widgets,site-icon,l10n,buttons,wp-auth-check&ver=6.1.1 HTTP/1.1" 200 394281
::1 - - [17/Dec/2022:16:35:55 +0800] "POST /wp-cron.php?doing_wp_cron=1671266155.7962338924407958984375 HTTP/1.1" 200 -
::1 - - [17/Dec/2022:16:35:55 +0800] "GET /favicon.ico HTTP/1.1" 302 -
::1 - - [17/Dec/2022:16:35:54 +0800] "GET /wp-admin/load-scripts.php?c=0&load%5Bchunk_0%5D=hoverIntent,regenerator-runtime,wp-polyfill,wp-hooks&ver=6.1.1 HTTP/1.1" 200 30711
::1 - - [17/Dec/2022:16:35:56 +0800] "GET /wp-includes/images/w-logo-blue-white-bg.png HTTP/1.1" 200 4119
::1 - - [17/Dec/2022:16:35:56 +0800] "GET /wp-includes/js/thickbox/loadingAnimation.gif HTTP/1.1" 200 15238
::1 - - [17/Dec/2022:16:35:56 +0800] "GET /wp-admin/admin-ajax.php?action=wp-compression-test&test=1&_ajax_nonce=c491f83ea4&1671266156270 HTTP/1.1" 200 1114
::1 - - [17/Dec/2022:16:35:57 +0800] "GET /wp-admin/admin-ajax.php?action=wp-compression-test&test=2&_ajax_nonce=c491f83ea4&1671266156997 HTTP/1.1" 200 572
::1 - - [17/Dec/2022:16:35:56 +0800] "POST /wp-admin/admin-ajax.php HTTP/1.1" 200 439
::1 - - [17/Dec/2022:16:35:57 +0800] "GET /wp-admin/images/spinner.gif HTTP/1.1" 200 3656
::1 - - [17/Dec/2022:16:35:57 +0800] "GET /wp-admin/admin-ajax.php?action=wp-compression-test&test=yes&_ajax_nonce=c491f83ea4&1671266157310 HTTP/1.1" 200 1
::1 - - [17/Dec/2022:16:35:56 +0800] "GET /wp-admin/admin-ajax.php?action=dashboard-widgets&widget=dashboard_primary&pagenow=dashboard HTTP/1.1" 200 1018
::1 - - [17/Dec/2022:16:36:02 +0800] "POST /wp-admin/admin-ajax.php HTTP/1.1" 200 1
::1 - - [17/Dec/2022:16:36:56 +0800] "POST /wp-cron.php?doing_wp_cron=1671266216.7165019512176513671875 HTTP/1.1" 200 -
::1 - - [17/Dec/2022:16:36:56 +0800] "POST /wp-admin/admin-ajax.php HTTP/1.1" 200 47
::1 - - [17/Dec/2022:16:38:56 +0800] "POST /wp-admin/admin-ajax.php HTTP/1.1" 200 47
::1 - - [17/Dec/2022:16:39:56 +0800] "POST /wp-admin/admin-ajax.php HTTP/1.1" 200 47
::1 - - [17/Dec/2022:16:41:15 +0800] "POST /wp-admin/admin-ajax.php HTTP/1.1" 200 47
::1 - - [17/Dec/2022:16:41:19 +0800] "GET /wp-admin/themes.php HTTP/1.1" 200 50119
::1 - - [17/Dec/2022:16:41:19 +0800] "GET /wp-admin/load-scripts.php?c=1&load%5Bchunk_0%5D=jquery-core,jquery-migrate,utils&ver=6.1.1 HTTP/1.1" 200 102775
::1 - - [17/Dec/2022:16:41:19 +0800] "GET /wp-admin/load-styles.php?c=1&dir=ltr&load%5Bchunk_0%5D=dashicons,admin-bar,common,forms,admin-menu,dashboard,list-tables,edit,revisions,media,themes,about,nav-menus,wp-pointer,widgets&load%5Bchunk_1%5D=,site-icon,l10n,buttons,wp-auth-check&ver=6.1.1 HTTP/1.1" 200 389106
::1 - - [17/Dec/2022:16:41:19 +0800] "GET /wp-admin/load-scripts.php?c=1&load%5Bchunk_0%5D=hoverIntent,regenerator-runtime,wp-polyfill,wp-hooks&ver=6.1.1 HTTP/1.1" 200 30711
::1 - - [17/Dec/2022:16:41:19 +0800] "GET /wp-includes/js/backbone.min.js?ver=1.4.1 HTTP/1.1" 200 23848
::1 - - [17/Dec/2022:16:41:19 +0800] "GET /wp-content/themes/twentytwentytwo/screenshot.png?ver=1.3 HTTP/1.1" 200 162290
::1 - - [17/Dec/2022:16:41:19 +0800] "GET /wp-content/themes/twentytwentythree/screenshot.png?ver=1.0 HTTP/1.1" 200 95166
::1 - - [17/Dec/2022:16:41:19 +0800] "GET /wp-includes/js/customize-base.min.js?ver=6.1.1 HTTP/1.1" 200 7852
::1 - - [17/Dec/2022:16:41:19 +0800] "GET /wp-includes/js/wp-backbone.min.js?ver=6.1.1 HTTP/1.1" 200 3039
::1 - - [17/Dec/2022:16:41:19 +0800] "GET /wp-content/themes/twentytwentyone/screenshot.png?ver=1.7 HTTP/1.1" 200 282897
::1 - - [17/Dec/2022:16:41:19 +0800] "GET /wp-admin/js/theme.min.js?ver=6.1.1 HTTP/1.1" 200 27055
::1 - - [17/Dec/2022:16:42:20 +0800] "POST /wp-admin/admin-ajax.php HTTP/1.1" 200 47
::1 - - [17/Dec/2022:16:42:56 +0800] "GET /wp-admin/themes.php HTTP/1.1" 200 50119
::1 - - [17/Dec/2022:16:42:57 +0800] "GET /favicon.ico HTTP/1.1" 302 -
::1 - - [17/Dec/2022:16:42:58 +0800] "GET /wp-admin/themes.php HTTP/1.1" 200 50119
::1 - - [17/Dec/2022:16:42:59 +0800] "GET /favicon.ico HTTP/1.1" 302 -
::1 - - [17/Dec/2022:16:43:21 +0800] "GET /wp-admin/themes.php HTTP/1.1" 200 51579
::1 - - [17/Dec/2022:16:43:22 +0800] "GET /wp-content/themes/wordpress-sms/screenshot.png?ver= HTTP/1.1" 200 991141
::1 - - [17/Dec/2022:16:43:22 +0800] "GET /favicon.ico HTTP/1.1" 302 -
::1 - - [17/Dec/2022:16:44:21 +0800] "-" 408 -
::1 - - [17/Dec/2022:16:44:23 +0800] "POST /wp-admin/admin-ajax.php HTTP/1.1" 200 47
::1 - - [17/Dec/2022:16:45:23 +0800] "POST /wp-admin/admin-ajax.php HTTP/1.1" 200 47
::1 - - [17/Dec/2022:16:45:23 +0800] "GET /wp-admin/themes.php HTTP/1.1" 200 51621
::1 - - [17/Dec/2022:16:45:24 +0800] "GET /wp-content/themes/wordpress-sms/screenshot.png?ver=1.0 HTTP/1.1" 200 991141
::1 - - [17/Dec/2022:16:45:24 +0800] "GET /favicon.ico HTTP/1.1" 302 -
::1 - - [17/Dec/2022:16:46:00 +0800] "GET /wp-admin/themes.php?action=activate&stylesheet=wordpress-sms&_wpnonce=48bf1ed6c0 HTTP/1.1" 302 -
::1 - - [17/Dec/2022:16:46:01 +0800] "GET /wp-admin/themes.php?activated=true HTTP/1.1" 200 51765
::1 - - [17/Dec/2022:16:46:01 +0800] "GET /wp-content/themes/wordpress-sms/screenshot.png?ver=1.0 HTTP/1.1" 304 -
::1 - - [17/Dec/2022:16:46:04 +0800] "GET / HTTP/1.1" 200 -
::1 - - [17/Dec/2022:16:46:05 +0800] "GET /favicon.ico HTTP/1.1" 302 -
::1 - - [17/Dec/2022:16:46:56 +0800] "GET / HTTP/1.1" 500 2942
::1 - - [17/Dec/2022:16:46:56 +0800] "GET /favicon.ico HTTP/1.1" 302 -
::1 - - [17/Dec/2022:16:47:02 +0800] "POST /wp-admin/admin-ajax.php HTTP/1.1" 200 47
::1 - - [17/Dec/2022:16:47:21 +0800] "GET / HTTP/1.1" 200 20
::1 - - [17/Dec/2022:16:47:21 +0800] "GET /favicon.ico HTTP/1.1" 302 -
::1 - - [17/Dec/2022:16:48:21 +0800] "-" 408 -
::1 - - [17/Dec/2022:16:48:58 +0800] "POST /wp-admin/admin-ajax.php HTTP/1.1" 200 47
::1 - - [17/Dec/2022:16:48:59 +0800] "GET /wp-admin/themes.php HTTP/1.1" 200 43445
::1 - - [17/Dec/2022:16:49:00 +0800] "GET /wp-content/themes/wordpress-sms/screenshot.png?ver=1.0 HTTP/1.1" 304 -
::1 - - [17/Dec/2022:16:49:00 +0800] "GET /favicon.ico HTTP/1.1" 302 -
::1 - - [17/Dec/2022:16:49:59 +0800] "-" 408 -
::1 - - [17/Dec/2022:16:50:00 +0800] "POST /wp-admin/admin-ajax.php HTTP/1.1" 200 47
::1 - - [17/Dec/2022:17:37:34 +0800] "POST /wp-cron.php?doing_wp_cron=1671269854.3550031185150146484375 HTTP/1.1" 200 -
::1 - - [17/Dec/2022:17:37:34 +0800] "GET / HTTP/1.1" 200 1
::1 - - [17/Dec/2022:17:37:35 +0800] "GET /favicon.ico HTTP/1.1" 302 -
::1 - - [17/Dec/2022:17:37:35 +0800] "POST /wp-admin/admin-ajax.php HTTP/1.1" 200 47
::1 - - [17/Dec/2022:17:38:34 +0800] "-" 408 -
::1 - - [17/Dec/2022:17:38:36 +0800] "POST /wp-admin/admin-ajax.php HTTP/1.1" 200 47
::1 - - [17/Dec/2022:17:40:12 +0800] "POST /wp-admin/admin-ajax.php HTTP/1.1" 200 47
::1 - - [17/Dec/2022:17:41:12 +0800] "POST /wp-admin/admin-ajax.php HTTP/1.1" 200 47
::1 - - [17/Dec/2022:17:43:13 +0800] "POST /wp-admin/admin-ajax.php HTTP/1.1" 200 47
::1 - - [17/Dec/2022:17:44:52 +0800] "GET / HTTP/1.1" 200 22
::1 - - [17/Dec/2022:17:44:59 +0800] "GET /favicon.ico HTTP/1.1" 302 -
::1 - - [17/Dec/2022:17:45:13 +0800] "POST /wp-admin/admin-ajax.php HTTP/1.1" 200 47
::1 - - [17/Dec/2022:17:45:16 +0800] "GET / HTTP/1.1" 200 31
::1 - - [17/Dec/2022:17:45:17 +0800] "GET /favicon.ico HTTP/1.1" 302 -
::1 - - [17/Dec/2022:17:45:18 +0800] "GET / HTTP/1.1" 200 31
::1 - - [17/Dec/2022:17:45:19 +0800] "GET /favicon.ico HTTP/1.1" 302 -
::1 - - [17/Dec/2022:17:45:28 +0800] "GET /wp-admin/options-general.php HTTP/1.1" 200 64046
::1 - - [17/Dec/2022:17:45:30 +0800] "GET /wp-admin/images/spinner.gif HTTP/1.1" 200 3656
::1 - - [17/Dec/2022:17:45:39 +0800] "POST /wp-admin/options.php HTTP/1.1" 302 -
::1 - - [17/Dec/2022:17:45:39 +0800] "GET /wp-admin/options-general.php?settings-updated=true HTTP/1.1" 200 64243
::1 - - [17/Dec/2022:17:45:41 +0800] "GET / HTTP/1.1" 200 56
::1 - - [17/Dec/2022:17:45:42 +0800] "GET /favicon.ico HTTP/1.1" 302 -
::1 - - [17/Dec/2022:17:46:39 +0800] "-" 408 -
::1 - - [17/Dec/2022:17:46:40 +0800] "POST /wp-admin/admin-ajax.php HTTP/1.1" 200 47
::1 - - [17/Dec/2022:17:48:40 +0800] "POST /wp-admin/admin-ajax.php HTTP/1.1" 200 47
::1 - - [17/Dec/2022:17:50:40 +0800] "POST /wp-admin/admin-ajax.php HTTP/1.1" 200 47
::1 - - [17/Dec/2022:17:52:41 +0800] "POST /wp-admin/admin-ajax.php HTTP/1.1" 200 47
::1 - - [17/Dec/2022:18:18:35 +0800] "POST /wp-admin/admin-ajax.php HTTP/1.1" 200 47
::1 - - [17/Dec/2022:18:19:35 +0800] "POST /wp-admin/admin-ajax.php HTTP/1.1" 200 47
::1 - - [17/Dec/2022:18:21:36 +0800] "POST /wp-admin/admin-ajax.php HTTP/1.1" 200 47
::1 - - [17/Dec/2022:18:23:36 +0800] "POST /wp-admin/admin-ajax.php HTTP/1.1" 200 47
::1 - - [17/Dec/2022:18:24:37 +0800] "POST /wp-admin/admin-ajax.php HTTP/1.1" 200 47
::1 - - [17/Dec/2022:18:25:37 +0800] "POST /wp-admin/admin-ajax.php HTTP/1.1" 200 47
::1 - - [17/Dec/2022:18:27:38 +0800] "POST /wp-admin/admin-ajax.php HTTP/1.1" 200 47
::1 - - [17/Dec/2022:18:29:39 +0800] "POST /wp-admin/admin-ajax.php HTTP/1.1" 200 47
::1 - - [17/Dec/2022:18:31:39 +0800] "POST /wp-admin/admin-ajax.php HTTP/1.1" 200 47
::1 - - [17/Dec/2022:18:33:22 +0800] "POST /wp-admin/admin-ajax.php HTTP/1.1" 200 47
::1 - - [17/Dec/2022:18:34:22 +0800] "POST /wp-admin/admin-ajax.php HTTP/1.1" 200 47
::1 - - [17/Dec/2022:18:36:24 +0800] "POST /wp-cron.php?doing_wp_cron=1671273384.2293899059295654296875 HTTP/1.1" 200 -
::1 - - [17/Dec/2022:18:36:23 +0800] "POST /wp-admin/admin-ajax.php HTTP/1.1" 200 47
::1 - - [17/Dec/2022:18:37:56 +0800] "GET / HTTP/1.1" 200 126
::1 - - [17/Dec/2022:18:38:02 +0800] "GET /favicon.ico HTTP/1.1" 302 -
::1 - - [17/Dec/2022:18:38:23 +0800] "POST /wp-admin/admin-ajax.php HTTP/1.1" 200 47
::1 - - [17/Dec/2022:18:40:23 +0800] "POST /wp-admin/admin-ajax.php HTTP/1.1" 200 47
::1 - - [17/Dec/2022:18:40:37 +0800] "GET / HTTP/1.1" 200 143
::1 - - [17/Dec/2022:18:40:37 +0800] "GET /favicon.ico HTTP/1.1" 302 -
::1 - - [17/Dec/2022:18:41:37 +0800] "-" 408 -
::1 - - [17/Dec/2022:18:41:48 +0800] "GET / HTTP/1.1" 200 177
::1 - - [17/Dec/2022:18:41:49 +0800] "GET /favicon.ico HTTP/1.1" 302 -
::1 - - [17/Dec/2022:18:41:50 +0800] "GET /hello-world/ HTTP/1.1" 200 177
::1 - - [17/Dec/2022:18:41:56 +0800] "POST /wp-admin/admin-ajax.php HTTP/1.1" 200 47
::1 - - [17/Dec/2022:18:41:57 +0800] "GET /wp-admin/options-reading.php HTTP/1.1" 200 27144
::1 - - [17/Dec/2022:18:42:02 +0800] "GET /wp-admin/options-permalink.php HTTP/1.1" 200 33621
::1 - - [17/Dec/2022:18:42:16 +0800] "POST /wp-admin/options-permalink.php HTTP/1.1" 302 -
::1 - - [17/Dec/2022:18:42:17 +0800] "GET /wp-admin/options-permalink.php?settings-updated=true HTTP/1.1" 200 33811
::1 - - [17/Dec/2022:18:42:20 +0800] "GET / HTTP/1.1" 200 182
::1 - - [17/Dec/2022:18:42:21 +0800] "GET /favicon.ico HTTP/1.1" 302 -
::1 - - [17/Dec/2022:18:42:22 +0800] "GET /blog/hello-world/ HTTP/1.1" 200 182
::1 - - [17/Dec/2022:18:42:56 +0800] "GET /wp-admin/edit.php HTTP/1.1" 200 48229
::1 - - [17/Dec/2022:18:42:57 +0800] "GET /wp-includes/js/jquery/ui/menu.min.js?ver=1.13.2 HTTP/1.1" 200 10114
::1 - - [17/Dec/2022:18:42:57 +0800] "GET /wp-includes/js/jquery/ui/core.min.js?ver=1.13.2 HTTP/1.1" 200 21440
::1 - - [17/Dec/2022:18:42:57 +0800] "GET /wp-includes/js/dist/dom-ready.min.js?ver=392bdd43726760d1f3ca HTTP/1.1" 200 498
::1 - - [17/Dec/2022:18:42:57 +0800] "GET /wp-includes/js/dist/a11y.min.js?ver=ecce20f002eda4c19664 HTTP/1.1" 200 2508
::1 - - [17/Dec/2022:18:42:57 +0800] "GET /wp-includes/js/jquery/ui/autocomplete.min.js?ver=1.13.2 HTTP/1.1" 200 8466
::1 - - [17/Dec/2022:18:42:57 +0800] "GET /wp-admin/js/tags-suggest.min.js?ver=6.1.1 HTTP/1.1" 200 2245
::1 - - [17/Dec/2022:18:42:57 +0800] "GET /wp-admin/js/inline-edit-post.min.js?ver=6.1.1 HTTP/1.1" 200 8139
::1 - - [17/Dec/2022:18:42:57 +0800] "POST /wp-admin/admin-ajax.php HTTP/1.1" 200 47
::1 - - [17/Dec/2022:18:42:59 +0800] "GET /wp-admin/post-new.php HTTP/1.1" 200 301946
::1 - - [17/Dec/2022:18:43:00 +0800] "GET /wp-includes/js/mediaelement/wp-mediaelement.min.css?ver=6.1.1 HTTP/1.1" 200 4186
::1 - - [17/Dec/2022:18:43:00 +0800] "GET /wp-includes/js/imgareaselect/imgareaselect.css?ver=0.9.8 HTTP/1.1" 200 790
::1 - - [17/Dec/2022:18:43:00 +0800] "GET /wp-includes/js/mediaelement/mediaelementplayer-legacy.min.css?ver=4.2.17 HTTP/1.1" 200 11256
::1 - - [17/Dec/2022:18:43:00 +0800] "GET /wp-includes/js/dist/vendor/lodash.min.js?ver=4.17.19 HTTP/1.1" 200 71098
::1 - - [17/Dec/2022:18:43:00 +0800] "GET /wp-includes/js/dist/api-fetch.min.js?ver=bc0029ca2c943aec5311 HTTP/1.1" 200 5325
::1 - - [17/Dec/2022:18:43:00 +0800] "GET /wp-includes/js/dist/url.min.js?ver=bb0ef862199bcae73aa7 HTTP/1.1" 200 9147
::1 - - [17/Dec/2022:18:43:00 +0800] "GET /wp-includes/js/dist/blob.min.js?ver=a078f260190acf405764 HTTP/1.1" 200 952
::1 - - [17/Dec/2022:18:43:00 +0800] "GET /wp-includes/js/dist/vendor/react.min.js?ver=17.0.1 HTTP/1.1" 200 11324
::1 - - [17/Dec/2022:18:43:00 +0800] "GET /wp-includes/js/dist/autop.min.js?ver=43197d709df445ccf849 HTTP/1.1" 200 5738
::1 - - [17/Dec/2022:18:43:00 +0800] "GET /wp-includes/js/dist/block-serialization-default-parser.min.js?ver=eb2cdc8cd7a7975d49d9 HTTP/1.1" 200 2421
::1 - - [17/Dec/2022:18:43:00 +0800] "GET /wp-includes/js/dist/vendor/react-dom.min.js?ver=17.0.1 HTTP/1.1" 200 118430
::1 - - [17/Dec/2022:18:43:00 +0800] "GET /wp-includes/js/dist/dom.min.js?ver=133a042fbbef48f38107 HTTP/1.1" 200 13084
::1 - - [17/Dec/2022:18:43:00 +0800] "GET /wp-includes/js/dist/is-shallow-equal.min.js?ver=20c2b06ecf04afb14fee HTTP/1.1" 200 1097
::1 - - [17/Dec/2022:18:43:00 +0800] "GET /wp-includes/js/dist/deprecated.min.js?ver=6c963cb9494ba26b77eb HTTP/1.1" 200 812
::1 - - [17/Dec/2022:18:43:00 +0800] "GET /wp-includes/js/dist/escape-html.min.js?ver=03e27a7b6ae14f7afaa6 HTTP/1.1" 200 1139
::1 - - [17/Dec/2022:18:43:00 +0800] "GET /wp-includes/js/dist/priority-queue.min.js?ver=99e325da95c5a35c7dc2 HTTP/1.1" 200 3632
::1 - - [17/Dec/2022:18:43:00 +0800] "GET /wp-includes/js/dist/keycodes.min.js?ver=6e0aadc0106bd8aadc89 HTTP/1.1" 200 4215
::1 - - [17/Dec/2022:18:43:00 +0800] "GET /wp-includes/js/dist/element.min.js?ver=47162ff4492c7ec4956b HTTP/1.1" 200 12246
::1 - - [17/Dec/2022:18:43:00 +0800] "GET /wp-includes/js/dist/compose.min.js?ver=37228270687b2a94e518 HTTP/1.1" 200 36756
::1 - - [17/Dec/2022:18:43:00 +0800] "GET /wp-includes/js/dist/redux-routine.min.js?ver=c9ea6c0df793258797e6 HTTP/1.1" 200 9242
::1 - - [17/Dec/2022:18:43:00 +0800] "GET /wp-includes/js/dist/html-entities.min.js?ver=36a4a255da7dd2e1bf8e HTTP/1.1" 200 837
::1 - - [17/Dec/2022:18:43:00 +0800] "GET /wp-includes/js/dist/data.min.js?ver=d8cf5b24f99c64ae47d6 HTTP/1.1" 200 26174
::1 - - [17/Dec/2022:18:43:00 +0800] "GET /wp-includes/js/dist/date.min.js?ver=ce7daf24092d87ff18be HTTP/1.1" 200 847374
::1 - - [17/Dec/2022:18:43:00 +0800] "GET /wp-includes/js/dist/vendor/moment.min.js?ver=2.29.4 HTTP/1.1" 200 57929
::1 - - [17/Dec/2022:18:43:00 +0800] "GET /wp-admin/load-scripts.php?c=1&load%5Bchunk_0%5D=jquery-core,jquery-migrate,utils,moxiejs,plupload&ver=6.1.1 HTTP/1.1" 200 205773
::1 - - [17/Dec/2022:18:43:00 +0800] "GET /wp-includes/js/dist/shortcode.min.js?ver=7539044b04e6bca57f2e HTTP/1.1" 200 3281
::1 - - [17/Dec/2022:18:43:00 +0800] "GET /wp-includes/js/dist/blocks.min.js?ver=69022aed79bfd45b3b1d HTTP/1.1" 200 168255
::1 - - [17/Dec/2022:18:43:00 +0800] "GET /wp-includes/js/dist/warning.min.js?ver=4acee5fc2fd9a24cefc2 HTTP/1.1" 200 392
::1 - - [17/Dec/2022:18:43:00 +0800] "GET /wp-includes/js/dist/rich-text.min.js?ver=c704284bebe26cf1dd51 HTTP/1.1" 200 33450
::1 - - [17/Dec/2022:18:43:00 +0800] "GET /wp-includes/js/dist/primitives.min.js?ver=ae0bece54c0487c976b1 HTTP/1.1" 200 2408
::1 - - [17/Dec/2022:18:43:00 +0800] "GET /wp-includes/js/dist/notices.min.js?ver=9c1575b7a31659f45a45 HTTP/1.1" 200 2425
::1 - - [17/Dec/2022:18:43:00 +0800] "GET /wp-includes/js/dist/keyboard-shortcuts.min.js?ver=b696c16720133edfc065 HTTP/1.1" 200 4489
::1 - - [17/Dec/2022:18:43:00 +0800] "GET /wp-includes/js/dist/components.min.js?ver=4b876f1ff2e5c93b8fb1 HTTP/1.1" 200 641943
::1 - - [17/Dec/2022:18:43:00 +0800] "GET /wp-includes/js/dist/style-engine.min.js?ver=10341d6e6decffab850e HTTP/1.1" 200 5285
::1 - - [17/Dec/2022:18:43:00 +0800] "GET /wp-includes/js/dist/token-list.min.js?ver=f2cf0bb3ae80de227e43 HTTP/1.1" 200 1517
::1 - - [17/Dec/2022:18:43:00 +0800] "GET /wp-includes/js/dist/wordcount.min.js?ver=feb9569307aec24292f2 HTTP/1.1" 200 2628
::1 - - [17/Dec/2022:18:43:00 +0800] "GET /wp-includes/js/dist/server-side-render.min.js?ver=ba8027ee85d65ae23ec7 HTTP/1.1" 200 3577
::1 - - [17/Dec/2022:18:43:00 +0800] "GET /wp-includes/js/dist/viewport.min.js?ver=a9868d184d07e4c94fe4 HTTP/1.1" 200 2252
::1 - - [17/Dec/2022:18:43:00 +0800] "GET /wp-admin/js/editor.min.js?ver=6.1.1 HTTP/1.1" 200 13177
::1 - - [17/Dec/2022:18:43:00 +0800] "GET /wp-includes/js/dist/block-editor.min.js?ver=0c7c9b9a74ceb717d6eb HTTP/1.1" 200 573734
::1 - - [17/Dec/2022:18:43:00 +0800] "GET /wp-includes/js/dist/reusable-blocks.min.js?ver=3fb4b31e589a583a362e HTTP/1.1" 200 5740
::1 - - [17/Dec/2022:18:43:00 +0800] "GET /wp-includes/js/dist/media-utils.min.js?ver=17f6455b0630582352a4 HTTP/1.1" 200 7468
::1 - - [17/Dec/2022:18:43:00 +0800] "GET /wp-includes/js/dist/core-data.min.js?ver=d8d458b31912f858bcdf HTTP/1.1" 200 54244
::1 - - [17/Dec/2022:18:43:00 +0800] "GET /wp-includes/js/dist/preferences-persistence.min.js?ver=c5543628aa7ff5bd5be4 HTTP/1.1" 200 6714
::1 - - [17/Dec/2022:18:43:00 +0800] "GET /wp-includes/js/dist/preferences.min.js?ver=5e6c91c252c0e040f379 HTTP/1.1" 200 2908
::1 - - [17/Dec/2022:18:43:00 +0800] "GET /wp-includes/js/dist/editor.min.js?ver=c9102d37531f38da0681 HTTP/1.1" 200 143361
::1 - - [17/Dec/2022:18:43:01 +0800] "GET /wp-includes/js/dist/plugins.min.js?ver=0d1b90278bae7df6ecf9 HTTP/1.1" 200 4936
::1 - - [17/Dec/2022:18:43:01 +0800] "GET /wp-includes/js/underscore.min.js?ver=1.13.4 HTTP/1.1" 200 18833
::1 - - [17/Dec/2022:18:43:01 +0800] "GET /wp-includes/js/backbone.min.js?ver=1.4.1 HTTP/1.1" 200 23848
::1 - - [17/Dec/2022:18:43:00 +0800] "GET /wp-includes/js/dist/block-library.min.js?ver=8adfaccd027d4d509d5e HTTP/1.1" 200 750104
::1 - - [17/Dec/2022:18:43:01 +0800] "GET /wp-includes/js/media-models.min.js?ver=6.1.1 HTTP/1.1" 200 13394
::1 - - [17/Dec/2022:18:43:01 +0800] "GET /wp-includes/js/wp-backbone.min.js?ver=6.1.1 HTTP/1.1" 200 3039
::1 - - [17/Dec/2022:18:43:01 +0800] "GET /wp-includes/js/wp-util.min.js?ver=6.1.1 HTTP/1.1" 200 1426
::1 - - [17/Dec/2022:18:43:01 +0800] "GET /wp-includes/js/jquery/ui/mouse.min.js?ver=1.13.2 HTTP/1.1" 200 3402
::1 - - [17/Dec/2022:18:43:01 +0800] "GET /wp-includes/js/mediaelement/mediaelement-migrate.min.js?ver=6.1.1 HTTP/1.1" 200 1191
::1 - - [17/Dec/2022:18:43:01 +0800] "GET /wp-includes/js/plupload/wp-plupload.min.js?ver=6.1.1 HTTP/1.1" 200 5903
::1 - - [17/Dec/2022:18:43:01 +0800] "GET /wp-includes/js/api-request.min.js?ver=6.1.1 HTTP/1.1" 200 1023
::1 - - [17/Dec/2022:18:43:01 +0800] "GET /wp-includes/js/mediaelement/wp-mediaelement.min.js?ver=6.1.1 HTTP/1.1" 200 906
::1 - - [17/Dec/2022:18:43:01 +0800] "GET /wp-includes/js/jquery/ui/sortable.min.js?ver=1.13.2 HTTP/1.1" 200 25455
::1 - - [17/Dec/2022:18:43:01 +0800] "GET /wp-includes/js/clipboard.min.js?ver=2.0.11 HTTP/1.1" 200 9009
::1 - - [17/Dec/2022:18:43:01 +0800] "GET /wp-includes/js/media-views.min.js?ver=6.1.1 HTTP/1.1" 200 110297
::1 - - [17/Dec/2022:18:43:01 +0800] "GET /wp-includes/js/mediaelement/mediaelement-and-player.min.js?ver=4.2.17 HTTP/1.1" 200 158005
::1 - - [17/Dec/2022:18:43:01 +0800] "GET /wp-admin/js/postbox.min.js?ver=6.1.1 HTTP/1.1" 200 6705
::1 - - [17/Dec/2022:18:43:01 +0800] "GET /wp-includes/js/shortcode.min.js?ver=6.1.1 HTTP/1.1" 200 2643
::1 - - [17/Dec/2022:18:43:01 +0800] "GET /wp-includes/js/dist/edit-post.min.js?ver=2baffbeec6cbe5171dee HTTP/1.1" 200 116012
::1 - - [17/Dec/2022:18:43:01 +0800] "GET /wp-includes/js/media-audiovideo.min.js?ver=6.1.1 HTTP/1.1" 200 12075
::1 - - [17/Dec/2022:18:43:01 +0800] "GET /wp-includes/js/media-editor.min.js?ver=6.1.1 HTTP/1.1" 200 10885
::1 - - [17/Dec/2022:18:43:01 +0800] "GET /wp-includes/js/imgareaselect/jquery.imgareaselect.min.js?ver=6.1.1 HTTP/1.1" 200 9712
::1 - - [17/Dec/2022:18:43:01 +0800] "GET /wp-includes/js/mce-view.min.js?ver=6.1.1 HTTP/1.1" 200 9883
::1 - - [17/Dec/2022:18:43:01 +0800] "GET /wp-admin/js/image-edit.min.js?ver=6.1.1 HTTP/1.1" 200 11244
::1 - - [17/Dec/2022:18:43:01 +0800] "GET /wp-includes/js/thickbox/thickbox.js?ver=3.1-20121105 HTTP/1.1" 200 13242
::1 - - [17/Dec/2022:18:43:01 +0800] "GET /wp-includes/js/quicktags.min.js?ver=6.1.1 HTTP/1.1" 200 11132
::1 - - [17/Dec/2022:18:43:01 +0800] "GET /wp-admin/js/media-upload.min.js?ver=6.1.1 HTTP/1.1" 200 1152
::1 - - [17/Dec/2022:18:43:01 +0800] "GET /wp-includes/js/dist/block-directory.min.js?ver=000a47d4ebe2ceac3593 HTTP/1.1" 200 21658
::1 - - [17/Dec/2022:18:43:01 +0800] "GET /wp-includes/js/wplink.min.js?ver=6.1.1 HTTP/1.1" 200 11254
::1 - - [17/Dec/2022:18:43:01 +0800] "GET /wp-includes/js/dist/format-library.min.js?ver=57876a359eac66da202b HTTP/1.1" 200 19897
::1 - - [17/Dec/2022:18:43:00 +0800] "GET /wp-admin/load-styles.php?c=1&dir=ltr&load%5Bchunk_0%5D=dashicons,admin-bar,buttons,media-views,editor-buttons,wp-components,wp-block-editor,wp-nux,wp-reusable-blocks,wp-editor,common,&load%5Bchunk_1%5D=forms,wp-reset-editor-styles,wp-block-library,wp-editor-classic-layout-styles,wp-block-library-theme,wp-edit-blocks,wp-edit-post&load%5Bchunk_2%5D=,wp-block-directory,wp-format-library,admin-menu,dashboard,list-tables,edit,revisions,media,themes,about,nav-menus,wp-pointer,wi&load%5Bchunk_3%5D=dgets,site-icon,l10n,wp-auth-check&ver=6.1.1 HTTP/1.1" 200 900800
::1 - - [17/Dec/2022:18:43:01 +0800] "GET /wp-includes/js/tinymce/wp-tinymce.js?ver=49110-20201110 HTTP/1.1" 200 671352
::1 - - [17/Dec/2022:18:43:01 +0800] "GET /wp-includes/js/thickbox/loadingAnimation.gif HTTP/1.1" 200 15238
::1 - - [17/Dec/2022:18:43:01 +0800] "GET /wp-json/wp/v2/users/me?context=edit&_locale=user HTTP/1.1" 200 2187
::1 - - [17/Dec/2022:18:43:01 +0800] "GET /wp-json/wp/v2/block-patterns/categories?_locale=user HTTP/1.1" 200 287
::1 - - [17/Dec/2022:18:43:01 +0800] "GET /wp-json/wp/v2/blocks?context=edit&per_page=100&_locale=user HTTP/1.1" 200 2
::1 - - [17/Dec/2022:18:43:02 +0800] "GET /wp-json/wp/v2/taxonomies?context=edit&per_page=100&_locale=user HTTP/1.1" 200 5877
::1 - - [17/Dec/2022:18:43:02 +0800] "POST /wp-json/wp/v2/users/me?_locale=user HTTP/1.1" 200 2279
::1 - - [17/Dec/2022:18:43:02 +0800] "GET /wp-json/wp/v2/themes?context=edit&status=active&_locale=user HTTP/1.1" 200 1298
::1 - - [17/Dec/2022:18:43:02 +0800] "GET /wp-json/?_fields=description%2Cgmt_offset%2Chome%2Cname%2Csite_icon%2Csite_icon_url%2Csite_logo%2Ctimezone_string%2Curl&_locale=user HTTP/1.1" 200 469
::1 - - [17/Dec/2022:18:43:02 +0800] "GET /wp-json/wp/v2/users?context=view&who=authors&per_page=50&_fields=id%2Cname&_locale=user HTTP/1.1" 200 28
::1 - - [17/Dec/2022:18:43:03 +0800] "POST /wp-json/wp/v2/users/me?_locale=user HTTP/1.1" 200 2300
::1 - - [17/Dec/2022:18:43:02 +0800] "OPTIONS /wp-json/wp/v2/posts/5?_locale=user HTTP/1.1" 200 11614
::1 - - [17/Dec/2022:18:43:01 +0800] "GET /wp-json/wp/v2/block-patterns/patterns?_locale=user HTTP/1.1" 200 85596
::1 - - [17/Dec/2022:18:43:05 +0800] "POST /wp-json/wp/v2/users/me?_locale=user HTTP/1.1" 200 2323
::1 - - [17/Dec/2022:18:43:23 +0800] "GET /wp-json/wp/v2/taxonomies/post_tag?context=edit&_locale=user HTTP/1.1" 200 1842
::1 - - [17/Dec/2022:18:43:24 +0800] "POST /wp-json/wp/v2/posts/5?_locale=user HTTP/1.1" 200 2733
::1 - - [17/Dec/2022:18:43:23 +0800] "GET /wp-json/wp/v2/categories/1?context=edit&_locale=user HTTP/1.1" 200 612
::1 - - [17/Dec/2022:18:43:23 +0800] "GET /wp-json/wp/v2/taxonomies/category?context=edit&_locale=user HTTP/1.1" 200 2035
::1 - - [17/Dec/2022:18:43:26 +0800] "POST /wp-cron.php?doing_wp_cron=1671273806.3579270839691162109375 HTTP/1.1" 200 -
::1 - - [17/Dec/2022:18:43:26 +0800] "POST /wp-admin/admin-ajax.php HTTP/1.1" 200 1
::1 - - [17/Dec/2022:18:43:26 +0800] "GET /wp-admin/post-new.php?post_type=post HTTP/1.1" 200 302193
::1 - - [17/Dec/2022:18:43:26 +0800] "POST /wp-cron.php?doing_wp_cron=1671273806.3579270839691162109375 HTTP/1.1" 200 -
::1 - - [17/Dec/2022:18:43:27 +0800] "GET /wp-json/wp/v2/blocks?context=edit&per_page=100&_locale=user HTTP/1.1" 200 2
::1 - - [17/Dec/2022:18:43:28 +0800] "GET /wp-json/wp/v2/block-patterns/categories?_locale=user HTTP/1.1" 200 287
::1 - - [17/Dec/2022:18:43:28 +0800] "GET /wp-json/wp/v2/block-patterns/patterns?_locale=user HTTP/1.1" 200 85596
::1 - - [17/Dec/2022:18:43:28 +0800] "OPTIONS /wp-json/wp/v2/posts/7?_locale=user HTTP/1.1" 200 11614
::1 - - [17/Dec/2022:18:43:28 +0800] "GET /wp-json/wp/v2/themes?context=edit&status=active&_locale=user HTTP/1.1" 200 1298
::1 - - [17/Dec/2022:18:43:28 +0800] "GET /wp-json/?_fields=description%2Cgmt_offset%2Chome%2Cname%2Csite_icon%2Csite_icon_url%2Csite_logo%2Ctimezone_string%2Curl&_locale=user HTTP/1.1" 200 469
::1 - - [17/Dec/2022:18:43:28 +0800] "GET /wp-json/wp/v2/users?context=view&who=authors&per_page=50&_fields=id%2Cname&_locale=user HTTP/1.1" 200 28
::1 - - [17/Dec/2022:18:43:28 +0800] "GET /wp-json/wp/v2/taxonomies?context=edit&per_page=100&_locale=user HTTP/1.1" 200 5877
::1 - - [17/Dec/2022:18:43:39 +0800] "GET /wp-json/wp/v2/taxonomies/category?context=edit&_locale=user HTTP/1.1" 200 2035
::1 - - [17/Dec/2022:18:43:39 +0800] "GET /wp-json/wp/v2/taxonomies/post_tag?context=edit&_locale=user HTTP/1.1" 200 1842
::1 - - [17/Dec/2022:18:43:39 +0800] "GET /wp-json/wp/v2/categories/1?context=edit&_locale=user HTTP/1.1" 200 612
::1 - - [17/Dec/2022:18:43:40 +0800] "POST /wp-json/wp/v2/posts/7?_locale=user HTTP/1.1" 200 2693
::1 - - [17/Dec/2022:18:43:41 +0800] "GET /wp-admin/edit.php HTTP/1.1" 200 54970
::1 - - [17/Dec/2022:18:43:42 +0800] "POST /wp-admin/admin-ajax.php HTTP/1.1" 200 47
::1 - - [17/Dec/2022:18:43:42 +0800] "POST /wp-cron.php?doing_wp_cron=1671273822.0797030925750732421875 HTTP/1.1" 200 -
::1 - - [17/Dec/2022:18:43:41 +0800] "POST /wp-admin/admin-ajax.php HTTP/1.1" 200 1
::1 - - [17/Dec/2022:18:43:43 +0800] "GET / HTTP/1.1" 200 432
::1 - - [17/Dec/2022:18:43:44 +0800] "GET /favicon.ico HTTP/1.1" 302 -
::1 - - [17/Dec/2022:18:43:47 +0800] "GET /blog/ui-ux-design/ HTTP/1.1" 200 117
::1 - - [17/Dec/2022:18:44:24 +0800] "GET /blog/ui-ux-design/ HTTP/1.1" 200 117
::1 - - [17/Dec/2022:18:45:24 +0800] "-" 408 -
::1 - - [17/Dec/2022:18:45:42 +0800] "POST /wp-admin/admin-ajax.php HTTP/1.1" 200 47
::1 - - [17/Dec/2022:18:46:57 +0800] "POST /wp-admin/admin-ajax.php HTTP/1.1" 200 47
::1 - - [17/Dec/2022:18:46:58 +0800] "GET /blog/ui-ux-design/ HTTP/1.1" 200 70
::1 - - [17/Dec/2022:18:46:59 +0800] "GET /favicon.ico HTTP/1.1" 302 -
::1 - - [17/Dec/2022:18:47:01 +0800] "GET /blog/web-development/ HTTP/1.1" 200 83
::1 - - [17/Dec/2022:18:47:04 +0800] "GET /blog/hello-world/ HTTP/1.1" 200 136
::1 - - [17/Dec/2022:18:47:12 +0800] "POST /wp-admin/admin-ajax.php HTTP/1.1" 200 47
::1 - - [17/Dec/2022:18:47:34 +0800] "POST /wp-admin/admin-ajax.php HTTP/1.1" 200 47
::1 - - [17/Dec/2022:18:47:49 +0800] "POST /wp-admin/admin-ajax.php HTTP/1.1" 200 47
::1 - - [17/Dec/2022:18:48:38 +0800] "POST /wp-admin/admin-ajax.php HTTP/1.1" 200 47
::1 - - [17/Dec/2022:18:48:40 +0800] "GET /wp-admin/edit.php?post_type=page HTTP/1.1" 200 47050
::1 - - [17/Dec/2022:18:48:41 +0800] "POST /wp-admin/admin-ajax.php HTTP/1.1" 200 47
::1 - - [17/Dec/2022:18:48:44 +0800] "GET /wp-admin/post-new.php?post_type=page HTTP/1.1" 200 301440
::1 - - [17/Dec/2022:18:48:45 +0800] "GET /wp-json/wp/v2/blocks?context=edit&per_page=100&_locale=user HTTP/1.1" 200 2
::1 - - [17/Dec/2022:18:48:45 +0800] "GET /wp-json/wp/v2/block-patterns/patterns?_locale=user HTTP/1.1" 200 85596
::1 - - [17/Dec/2022:18:48:45 +0800] "GET /wp-json/wp/v2/block-patterns/categories?_locale=user HTTP/1.1" 200 287
::1 - - [17/Dec/2022:18:48:46 +0800] "GET /wp-json/wp/v2/taxonomies?context=edit&per_page=100&_locale=user HTTP/1.1" 200 5877
::1 - - [17/Dec/2022:18:48:46 +0800] "GET /wp-json/wp/v2/themes?context=edit&status=active&_locale=user HTTP/1.1" 200 1298
::1 - - [17/Dec/2022:18:48:45 +0800] "OPTIONS /wp-json/wp/v2/pages/9?_locale=user HTTP/1.1" 200 9468
::1 - - [17/Dec/2022:18:48:45 +0800] "GET /wp-json/?_fields=description%2Cgmt_offset%2Chome%2Cname%2Csite_icon%2Csite_icon_url%2Csite_logo%2Ctimezone_string%2Curl&_locale=user HTTP/1.1" 200 469
::1 - - [17/Dec/2022:18:48:45 +0800] "GET /wp-json/wp/v2/users?context=view&who=authors&per_page=50&_fields=id%2Cname&_locale=user HTTP/1.1" 200 28
::1 - - [17/Dec/2022:18:48:58 +0800] "GET /wp-json/wp/v2/taxonomies/post_tag?context=edit&_locale=user HTTP/1.1" 200 1842
::1 - - [17/Dec/2022:18:48:58 +0800] "GET /wp-json/wp/v2/taxonomies/category?context=edit&_locale=user HTTP/1.1" 200 2035
::1 - - [17/Dec/2022:18:48:58 +0800] "GET /wp-json/wp/v2/categories/1?context=edit&_locale=user HTTP/1.1" 200 612
::1 - - [17/Dec/2022:18:48:59 +0800] "POST /wp-json/wp/v2/pages/9?_locale=user HTTP/1.1" 200 1978
::1 - - [17/Dec/2022:18:49:00 +0800] "GET /test-page-123/ HTTP/1.1" 200 123
::1 - - [17/Dec/2022:18:49:00 +0800] "POST /wp-admin/admin-ajax.php HTTP/1.1" 200 1
::1 - - [17/Dec/2022:18:49:04 +0800] "GET /test-page-123/ HTTP/1.1" 200 123
::1 - - [17/Dec/2022:18:49:08 +0800] "GET /wp-admin/post.php?post=9&action=edit HTTP/1.1" 200 301741
::1 - - [17/Dec/2022:18:49:08 +0800] "GET /wp-admin/post.php?post=9&action=edit HTTP/1.1" 200 301631
::1 - - [17/Dec/2022:18:49:09 +0800] "GET /wp-json/wp/v2/blocks?context=edit&per_page=100&_locale=user HTTP/1.1" 200 2
::1 - - [17/Dec/2022:18:49:09 +0800] "GET /wp-json/wp/v2/block-patterns/categories?_locale=user HTTP/1.1" 200 287
::1 - - [17/Dec/2022:18:49:09 +0800] "GET /wp-json/wp/v2/block-patterns/patterns?_locale=user HTTP/1.1" 200 85596
::1 - - [17/Dec/2022:18:49:10 +0800] "OPTIONS /wp-json/wp/v2/pages/9?_locale=user HTTP/1.1" 200 9468
::1 - - [17/Dec/2022:18:49:10 +0800] "GET /wp-json/wp/v2/themes?context=edit&status=active&_locale=user HTTP/1.1" 200 1298
::1 - - [17/Dec/2022:18:49:10 +0800] "GET /favicon.ico HTTP/1.1" 302 -
::1 - - [17/Dec/2022:18:49:10 +0800] "GET /wp-json/wp/v2/taxonomies?context=edit&per_page=100&_locale=user HTTP/1.1" 200 5877
::1 - - [17/Dec/2022:18:49:10 +0800] "GET /wp-json/wp/v2/users?context=view&who=authors&per_page=50&_fields=id%2Cname&_locale=user HTTP/1.1" 200 28
::1 - - [17/Dec/2022:18:49:10 +0800] "GET /wp-json/?_fields=description%2Cgmt_offset%2Chome%2Cname%2Csite_icon%2Csite_icon_url%2Csite_logo%2Ctimezone_string%2Curl&_locale=user HTTP/1.1" 200 469
::1 - - [17/Dec/2022:18:49:15 +0800] "GET /wp-admin/options-permalink.php HTTP/1.1" 200 33626
::1 - - [17/Dec/2022:18:49:15 +0800] "POST /wp-admin/admin-ajax.php HTTP/1.1" 200 1
::1 - - [17/Dec/2022:18:50:15 +0800] "POST /wp-admin/admin-ajax.php HTTP/1.1" 200 47
::1 - - [17/Dec/2022:18:52:07 +0800] "POST /wp-admin/admin-ajax.php HTTP/1.1" 200 47
::1 - - [17/Dec/2022:18:52:14 +0800] "GET /wp-admin/post.php?post=9&action=edit HTTP/1.1" 200 301631
::1 - - [17/Dec/2022:18:52:15 +0800] "GET /wp-json/wp/v2/blocks?context=edit&per_page=100&_locale=user HTTP/1.1" 200 2
::1 - - [17/Dec/2022:18:52:15 +0800] "GET /wp-json/wp/v2/block-patterns/categories?_locale=user HTTP/1.1" 200 287
::1 - - [17/Dec/2022:18:52:15 +0800] "GET /wp-json/wp/v2/block-patterns/patterns?_locale=user HTTP/1.1" 200 85596
::1 - - [17/Dec/2022:18:52:16 +0800] "OPTIONS /wp-json/wp/v2/pages/9?_locale=user HTTP/1.1" 200 9468
::1 - - [17/Dec/2022:18:52:16 +0800] "GET /wp-json/wp/v2/themes?context=edit&status=active&_locale=user HTTP/1.1" 200 1298
::1 - - [17/Dec/2022:18:52:16 +0800] "GET /favicon.ico HTTP/1.1" 302 -
::1 - - [17/Dec/2022:18:52:15 +0800] "GET /wp-json/?_fields=description%2Cgmt_offset%2Chome%2Cname%2Csite_icon%2Csite_icon_url%2Csite_logo%2Ctimezone_string%2Curl&_locale=user HTTP/1.1" 200 469
::1 - - [17/Dec/2022:18:52:15 +0800] "GET /wp-json/wp/v2/users?context=view&who=authors&per_page=50&_fields=id%2Cname&_locale=user HTTP/1.1" 200 28
::1 - - [17/Dec/2022:18:52:15 +0800] "GET /wp-json/wp/v2/taxonomies?context=edit&per_page=100&_locale=user HTTP/1.1" 200 5877
::1 - - [17/Dec/2022:18:52:22 +0800] "GET /test-page-123/ HTTP/1.1" 200 167
::1 - - [17/Dec/2022:18:53:15 +0800] "POST /wp-admin/admin-ajax.php HTTP/1.1" 200 98
::1 - - [17/Dec/2022:18:55:16 +0800] "POST /wp-admin/admin-ajax.php HTTP/1.1" 200 98
::1 - - [17/Dec/2022:18:57:16 +0800] "POST /wp-admin/admin-ajax.php HTTP/1.1" 200 98
::1 - - [17/Dec/2022:18:59:16 +0800] "POST /wp-admin/admin-ajax.php HTTP/1.1" 200 98
::1 - - [17/Dec/2022:19:01:16 +0800] "POST /wp-admin/admin-ajax.php HTTP/1.1" 200 98
::1 - - [17/Dec/2022:19:05:05 +0800] "POST /wp-admin/admin-ajax.php HTTP/1.1" 200 98
::1 - - [17/Dec/2022:19:05:06 +0800] "GET /test-page-123/ HTTP/1.1" 200 196
::1 - - [17/Dec/2022:19:05:07 +0800] "GET /favicon.ico HTTP/1.1" 302 -
::1 - - [17/Dec/2022:19:05:11 +0800] "GET / HTTP/1.1" 200 527
::1 - - [17/Dec/2022:19:05:14 +0800] "GET /blog/web-development/ HTTP/1.1" 200 159
::1 - - [17/Dec/2022:19:05:16 +0800] "GET /blog/hello-world/ HTTP/1.1" 200 212
::1 - - [17/Dec/2022:19:05:50 +0800] "GET / HTTP/1.1" 200 556
::1 - - [17/Dec/2022:19:05:50 +0800] "GET /favicon.ico HTTP/1.1" 302 -
::1 - - [17/Dec/2022:19:05:52 +0800] "GET /blog/hello-world/ HTTP/1.1" 200 241
::1 - - [17/Dec/2022:19:05:55 +0800] "GET /blog/web-development/ HTTP/1.1" 200 188
::1 - - [17/Dec/2022:19:05:58 +0800] "GET /test-page-123/ HTTP/1.1" 200 225
::1 - - [17/Dec/2022:19:06:05 +0800] "POST /wp-admin/admin-ajax.php HTTP/1.1" 200 98
